<?xml version="1.0" encoding="UTF-8"?>
<Site BuildName="Win32-MSBuild"
	BuildStamp="20160908-0323-Experimental"
	Name="FGT-PC"
	Generator="ctest-3.6.0-rc1"
	CompilerName="D:/Program Files (x86)/Microsoft Visual Studio 11.0/VC/bin/cl.exe"
	CompilerVersion="17.0.61030.0"
	OSName="Windows"
	Hostname="fgt-PC"
	OSRelease="7"
	OSVersion="Service Pack 1 (Build 7601)"
	OSPlatform="AMD64"
	Is64Bits="1"
	VendorString="GenuineIntel"
	VendorID="Intel Corporation"
	FamilyID="6"
	ModelID="12"
	ProcessorCacheSize="-1"
	NumberOfLogicalCPU="16"
	NumberOfPhysicalCPU="0"
	TotalVirtualMemory="16254"
	TotalPhysicalMemory="8128"
	LogicalProcessorsPerPhysical="16"
	ProcessorClockFrequency="3191"
	>
	<Configure>
		<StartDateTime>Sep 08 11:23 ?D1[NON-UTF-8-BYTE-0xA8][NON-UTF-8-BYTE-0xB2][NON-UTF-8-BYTE-0xA1][NON-UTF-8-BYTE-0xC0][NON-UTF-8-BYTE-0xA8][NON-UTF-8-BYTE-0xBA][NON-UTF-8-BYTE-0xA1][NON-UTF-8-BYTE-0xC1]?[NON-UTF-8-BYTE-0xA8][NON-UTF-8-BYTE-0xBA][NON-UTF-8-BYTE-0xA1][NON-UTF-8-BYTE-0xC0]??</StartDateTime>
		<StartConfigureTime>1473305001</StartConfigureTime>
		<ConfigureCommand>"D:/Program Files/CMake/bin/cmake.exe" "G:/TestProgram/UseCMakeTest_1"</ConfigureCommand>
		<Log>-- Configuring done
-- Generating done
-- Build files have been written to: G:/TestProgram/UseCMakeTest_1/Build
</Log>
		<ConfigureStatus>0</ConfigureStatus>
		<EndDateTime>Sep 08 11:23 ?D1[NON-UTF-8-BYTE-0xA8][NON-UTF-8-BYTE-0xB2][NON-UTF-8-BYTE-0xA1][NON-UTF-8-BYTE-0xC0][NON-UTF-8-BYTE-0xA8][NON-UTF-8-BYTE-0xBA][NON-UTF-8-BYTE-0xA1][NON-UTF-8-BYTE-0xC1]?[NON-UTF-8-BYTE-0xA8][NON-UTF-8-BYTE-0xBA][NON-UTF-8-BYTE-0xA1][NON-UTF-8-BYTE-0xC0]??</EndDateTime>
		<EndConfigureTime>1473305001</EndConfigureTime>
		<ElapsedMinutes>0</ElapsedMinutes>
	</Configure>
</Site>
