<?xml version="1.0" encoding="UTF-8"?>
<Site BuildName="Win32-MSBuild"
	BuildStamp="20160908-0323-Experimental"
	Name="FGT-PC"
	Generator="ctest-3.6.0-rc1"
	CompilerName="D:/Program Files (x86)/Microsoft Visual Studio 11.0/VC/bin/cl.exe"
	CompilerVersion="17.0.61030.0"
	OSName="Windows"
	Hostname="fgt-PC"
	OSRelease="7"
	OSVersion="Service Pack 1 (Build 7601)"
	OSPlatform="AMD64"
	Is64Bits="1"
	VendorString="GenuineIntel"
	VendorID="Intel Corporation"
	FamilyID="6"
	ModelID="12"
	ProcessorCacheSize="-1"
	NumberOfLogicalCPU="16"
	NumberOfPhysicalCPU="0"
	TotalVirtualMemory="16254"
	TotalPhysicalMemory="8128"
	LogicalProcessorsPerPhysical="16"
	ProcessorClockFrequency="3191"
	>
	<Testing>
		<StartDateTime>Sep 08 11:23 ?D1[NON-UTF-8-BYTE-0xA8][NON-UTF-8-BYTE-0xB2][NON-UTF-8-BYTE-0xA1][NON-UTF-8-BYTE-0xC0][NON-UTF-8-BYTE-0xA8][NON-UTF-8-BYTE-0xBA][NON-UTF-8-BYTE-0xA1][NON-UTF-8-BYTE-0xC1]?[NON-UTF-8-BYTE-0xA8][NON-UTF-8-BYTE-0xBA][NON-UTF-8-BYTE-0xA1][NON-UTF-8-BYTE-0xC0]??</StartDateTime>
		<StartTestTime>1473305003</StartTestTime>
		<TestList>
			<Test>./TutorialRuns</Test>
			<Test>./TutorialComp25</Test>
			<Test>./TutorialNegative</Test>
			<Test>./TutorialSmall</Test>
			<Test>./TutorialUsage</Test>
		</TestList>
		<Test Status="passed">
			<Name>TutorialRuns</Name>
			<Path>.</Path>
			<FullName>./TutorialRuns</FullName>
			<FullCommandLine>G:\TestProgram\UseCMakeTest_1\Build\Debug\hello.exe "25"</FullCommandLine>
			<Results>
				<NamedMeasurement type="numeric/double" name="Execution Time">
					<Value>0.333019</Value>
				</NamedMeasurement>
				<NamedMeasurement type="text/string" name="Completion Status">
					<Value>Completed</Value>
				</NamedMeasurement>
				<NamedMeasurement type="text/string" name="Command Line">
					<Value>G:\TestProgram\UseCMakeTest_1\Build\Debug\hello.exe "25"</Value>
				</NamedMeasurement>
				<Measurement>
					<Value>[NON-UTF-8-BYTE-0xC7]밴[NON-UTF-8-BYTE-0xC8][NON-UTF-8-BYTE-0xCE][NON-UTF-8-BYTE-0xD2][NON-UTF-8-BYTE-0xE2][NON-UTF-8-BYTE-0xBC][NON-UTF-8-BYTE-0xFC][NON-UTF-8-BYTE-0xBC][NON-UTF-8-BYTE-0xCC][NON-UTF-8-BYTE-0xD0][NON-UTF-8-BYTE-0xF8]. . . 
The square root of 25 is 5
</Value>
				</Measurement>
			</Results>
		</Test>
		<Test Status="failed">
			<Name>TutorialComp25</Name>
			<Path>.</Path>
			<FullName>./TutorialComp25</FullName>
			<FullCommandLine>G:\TestProgram\UseCMakeTest_1\Build\Debug\hello.exe "25"</FullCommandLine>
			<Results>
				<NamedMeasurement type="text/string" name="Exit Code">
					<Value>Failed</Value>
				</NamedMeasurement>
				<NamedMeasurement type="text/string" name="Exit Value">
					<Value>0</Value>
				</NamedMeasurement>
				<NamedMeasurement type="numeric/double" name="Execution Time">
					<Value>0.146009</Value>
				</NamedMeasurement>
				<NamedMeasurement type="text/string" name="Fail Reason">
					<Value>Required regular expression not found.Regex=[25 is 1
]</Value>
				</NamedMeasurement>
				<NamedMeasurement type="text/string" name="Completion Status">
					<Value>Completed</Value>
				</NamedMeasurement>
				<NamedMeasurement type="text/string" name="Command Line">
					<Value>G:\TestProgram\UseCMakeTest_1\Build\Debug\hello.exe "25"</Value>
				</NamedMeasurement>
				<Measurement>
					<Value>[NON-UTF-8-BYTE-0xC7]밴[NON-UTF-8-BYTE-0xC8][NON-UTF-8-BYTE-0xCE][NON-UTF-8-BYTE-0xD2][NON-UTF-8-BYTE-0xE2][NON-UTF-8-BYTE-0xBC][NON-UTF-8-BYTE-0xFC][NON-UTF-8-BYTE-0xBC][NON-UTF-8-BYTE-0xCC][NON-UTF-8-BYTE-0xD0][NON-UTF-8-BYTE-0xF8]. . . 
The square root of 25 is 5
</Value>
				</Measurement>
			</Results>
		</Test>
		<Test Status="failed">
			<Name>TutorialNegative</Name>
			<Path>.</Path>
			<FullName>./TutorialNegative</FullName>
			<FullCommandLine>G:\TestProgram\UseCMakeTest_1\Build\Debug\hello.exe "-25"</FullCommandLine>
			<Results>
				<NamedMeasurement type="text/string" name="Exit Code">
					<Value>Failed</Value>
				</NamedMeasurement>
				<NamedMeasurement type="text/string" name="Exit Value">
					<Value>0</Value>
				</NamedMeasurement>
				<NamedMeasurement type="numeric/double" name="Execution Time">
					<Value>0.0630035</Value>
				</NamedMeasurement>
				<NamedMeasurement type="text/string" name="Fail Reason">
					<Value>Required regular expression not found.Regex=[-25 is 0
]</Value>
				</NamedMeasurement>
				<NamedMeasurement type="text/string" name="Completion Status">
					<Value>Completed</Value>
				</NamedMeasurement>
				<NamedMeasurement type="text/string" name="Command Line">
					<Value>G:\TestProgram\UseCMakeTest_1\Build\Debug\hello.exe "-25"</Value>
				</NamedMeasurement>
				<Measurement>
					<Value>[NON-UTF-8-BYTE-0xC7]밴[NON-UTF-8-BYTE-0xC8][NON-UTF-8-BYTE-0xCE][NON-UTF-8-BYTE-0xD2][NON-UTF-8-BYTE-0xE2][NON-UTF-8-BYTE-0xBC][NON-UTF-8-BYTE-0xFC][NON-UTF-8-BYTE-0xBC][NON-UTF-8-BYTE-0xCC][NON-UTF-8-BYTE-0xD0][NON-UTF-8-BYTE-0xF8]. . . 
The square root of -25 is -1.#IND
</Value>
				</Measurement>
			</Results>
		</Test>
		<Test Status="passed">
			<Name>TutorialSmall</Name>
			<Path>.</Path>
			<FullName>./TutorialSmall</FullName>
			<FullCommandLine>G:\TestProgram\UseCMakeTest_1\Build\Debug\hello.exe "0.0001"</FullCommandLine>
			<Results>
				<NamedMeasurement type="numeric/double" name="Execution Time">
					<Value>0.0630035</Value>
				</NamedMeasurement>
				<NamedMeasurement type="text/string" name="Pass Reason">
					<Value>Required regular expression found.Regex=[0.0001 is 0.01
]</Value>
				</NamedMeasurement>
				<NamedMeasurement type="text/string" name="Completion Status">
					<Value>Completed</Value>
				</NamedMeasurement>
				<NamedMeasurement type="text/string" name="Command Line">
					<Value>G:\TestProgram\UseCMakeTest_1\Build\Debug\hello.exe "0.0001"</Value>
				</NamedMeasurement>
				<Measurement>
					<Value>[NON-UTF-8-BYTE-0xC7]밴[NON-UTF-8-BYTE-0xC8][NON-UTF-8-BYTE-0xCE][NON-UTF-8-BYTE-0xD2][NON-UTF-8-BYTE-0xE2][NON-UTF-8-BYTE-0xBC][NON-UTF-8-BYTE-0xFC][NON-UTF-8-BYTE-0xBC][NON-UTF-8-BYTE-0xCC][NON-UTF-8-BYTE-0xD0][NON-UTF-8-BYTE-0xF8]. . . 
The square root of 0.0001 is 0.01
</Value>
				</Measurement>
			</Results>
		</Test>
		<Test Status="passed">
			<Name>TutorialUsage</Name>
			<Path>.</Path>
			<FullName>./TutorialUsage</FullName>
			<FullCommandLine>G:\TestProgram\UseCMakeTest_1\Build\Debug\hello.exe</FullCommandLine>
			<Results>
				<NamedMeasurement type="text/string" name="Exit Code">
					<Value>Completed</Value>
				</NamedMeasurement>
				<NamedMeasurement type="text/string" name="Exit Value">
					<Value>1</Value>
				</NamedMeasurement>
				<NamedMeasurement type="numeric/double" name="Execution Time">
					<Value>0.0620041</Value>
				</NamedMeasurement>
				<NamedMeasurement type="text/string" name="Pass Reason">
					<Value>Required regular expression found.Regex=[Usage:.*number
]</Value>
				</NamedMeasurement>
				<NamedMeasurement type="text/string" name="Completion Status">
					<Value>Completed</Value>
				</NamedMeasurement>
				<NamedMeasurement type="text/string" name="Command Line">
					<Value>G:\TestProgram\UseCMakeTest_1\Build\Debug\hello.exe</Value>
				</NamedMeasurement>
				<Measurement>
					<Value>[NON-UTF-8-BYTE-0xC7]밴[NON-UTF-8-BYTE-0xC8][NON-UTF-8-BYTE-0xCE][NON-UTF-8-BYTE-0xD2][NON-UTF-8-BYTE-0xE2][NON-UTF-8-BYTE-0xBC][NON-UTF-8-BYTE-0xFC][NON-UTF-8-BYTE-0xBC][NON-UTF-8-BYTE-0xCC][NON-UTF-8-BYTE-0xD0][NON-UTF-8-BYTE-0xF8]. . . 
G:/TestProgram/UseCMakeTest_1/Build/Debug/hello.exe Version 1.0
Usage: G:/TestProgram/UseCMakeTest_1/Build/Debug/hello.exe number
</Value>
				</Measurement>
			</Results>
		</Test>
		<EndDateTime>Sep 08 11:23 ?D1[NON-UTF-8-BYTE-0xA8][NON-UTF-8-BYTE-0xB2][NON-UTF-8-BYTE-0xA1][NON-UTF-8-BYTE-0xC0][NON-UTF-8-BYTE-0xA8][NON-UTF-8-BYTE-0xBA][NON-UTF-8-BYTE-0xA1][NON-UTF-8-BYTE-0xC1]?[NON-UTF-8-BYTE-0xA8][NON-UTF-8-BYTE-0xBA][NON-UTF-8-BYTE-0xA1][NON-UTF-8-BYTE-0xC0]??</EndDateTime>
		<EndTestTime>1473305004</EndTestTime>
		<ElapsedMinutes>0</ElapsedMinutes>
	</Testing>
</Site>
