Start testing: Sep 08 11:23 ?D1ú±ê×?ê±??
----------------------------------------------------------
1/5 Testing: TutorialRuns
1/5 Test: TutorialRuns
Command: "G:/TestProgram/UseCMakeTest_1/Build/Debug/hello.exe" "25"
Directory: G:/TestProgram/UseCMakeTest_1/Build
"TutorialRuns" start time: Sep 08 11:23 ?D1ú±ê×?ê±??
Output:
----------------------------------------------------------
请按任意键继续. . . 
The square root of 25 is 5
<end of output>
Test time =   0.33 sec
----------------------------------------------------------
Test Passed.
"TutorialRuns" end time: Sep 08 11:23 ?D1ú±ê×?ê±??
"TutorialRuns" time elapsed: 00:00:00
----------------------------------------------------------

2/5 Testing: TutorialComp25
2/5 Test: TutorialComp25
Command: "G:/TestProgram/UseCMakeTest_1/Build/Debug/hello.exe" "25"
Directory: G:/TestProgram/UseCMakeTest_1/Build
"TutorialComp25" start time: Sep 08 11:23 ?D1ú±ê×?ê±??
Output:
----------------------------------------------------------
请按任意键继续. . . 
The square root of 25 is 5
<end of output>
Test time =   0.15 sec
----------------------------------------------------------
Test Fail Reason:
Required regular expression not found.Regex=[25 is 1
]
"TutorialComp25" end time: Sep 08 11:23 ?D1ú±ê×?ê±??
"TutorialComp25" time elapsed: 00:00:00
----------------------------------------------------------

3/5 Testing: TutorialNegative
3/5 Test: TutorialNegative
Command: "G:/TestProgram/UseCMakeTest_1/Build/Debug/hello.exe" "-25"
Directory: G:/TestProgram/UseCMakeTest_1/Build
"TutorialNegative" start time: Sep 08 11:23 ?D1ú±ê×?ê±??
Output:
----------------------------------------------------------
请按任意键继续. . . 
The square root of -25 is -1.#IND
<end of output>
Test time =   0.06 sec
----------------------------------------------------------
Test Fail Reason:
Required regular expression not found.Regex=[-25 is 0
]
"TutorialNegative" end time: Sep 08 11:23 ?D1ú±ê×?ê±??
"TutorialNegative" time elapsed: 00:00:00
----------------------------------------------------------

4/5 Testing: TutorialSmall
4/5 Test: TutorialSmall
Command: "G:/TestProgram/UseCMakeTest_1/Build/Debug/hello.exe" "0.0001"
Directory: G:/TestProgram/UseCMakeTest_1/Build
"TutorialSmall" start time: Sep 08 11:23 ?D1ú±ê×?ê±??
Output:
----------------------------------------------------------
请按任意键继续. . . 
The square root of 0.0001 is 0.01
<end of output>
Test time =   0.06 sec
----------------------------------------------------------
Test Pass Reason:
Required regular expression found.Regex=[0.0001 is 0.01
]
"TutorialSmall" end time: Sep 08 11:23 ?D1ú±ê×?ê±??
"TutorialSmall" time elapsed: 00:00:00
----------------------------------------------------------

5/5 Testing: TutorialUsage
5/5 Test: TutorialUsage
Command: "G:/TestProgram/UseCMakeTest_1/Build/Debug/hello.exe"
Directory: G:/TestProgram/UseCMakeTest_1/Build
"TutorialUsage" start time: Sep 08 11:23 ?D1ú±ê×?ê±??
Output:
----------------------------------------------------------
请按任意键继续. . . 
G:/TestProgram/UseCMakeTest_1/Build/Debug/hello.exe Version 1.0
Usage: G:/TestProgram/UseCMakeTest_1/Build/Debug/hello.exe number
<end of output>
Test time =   0.06 sec
----------------------------------------------------------
Test Pass Reason:
Required regular expression found.Regex=[Usage:.*number
]
"TutorialUsage" end time: Sep 08 11:23 ?D1ú±ê×?ê±??
"TutorialUsage" time elapsed: 00:00:00
----------------------------------------------------------

End testing: Sep 08 11:23 ?D1ú±ê×?ê±??
